<?xml version="1.0" encoding="UTF-8"?>
<!-- Generated by org.testng.reporters.JUnitReportReporter -->
<testsuite hostname="Abhi" failures="0" tests="1" name="test_scripts.TC_8" time="9.938" errors="0" timestamp="2024-04-21T12:42:45 IST" skipped="0">
  <testcase classname="test_scripts.TC_8" name="Homepage" time="9.938"/>
</testsuite> <!-- test_scripts.TC_8 -->
