<?xml version="1.0" encoding="UTF-8"?>
<!-- Generated by org.testng.reporters.JUnitReportReporter -->
<testsuite hostname="Abhi" failures="0" tests="1" name="test_scripts.TC_1" time="11.209" errors="0" timestamp="2024-04-20T15:06:39 IST" skipped="0">
  <testcase classname="test_scripts.TC_1" name="Homepage" time="11.209"/>
</testsuite> <!-- test_scripts.TC_1 -->
