<?xml version="1.0" encoding="UTF-8"?>
<!-- Generated by org.testng.reporters.JUnitReportReporter -->
<testsuite hostname="Abhi" failures="0" tests="1" name="test_scripts.TC_7" time="9.228" errors="0" timestamp="2024-04-21T12:29:47 IST" skipped="0">
  <testcase classname="test_scripts.TC_7" name="Homepage" time="9.228"/>
</testsuite> <!-- test_scripts.TC_7 -->
