<?xml version="1.0" encoding="UTF-8"?>
<!-- Generated by org.testng.reporters.JUnitReportReporter -->
<testsuite hostname="Abhi" failures="0" tests="1" name="test_scripts.TC_17" time="25.156" errors="0" timestamp="2024-04-23T16:29:09 IST" skipped="0">
  <testcase classname="test_scripts.TC_17" name="Homepage" time="25.156"/>
</testsuite> <!-- test_scripts.TC_17 -->
