<?xml version="1.0" encoding="UTF-8"?>
<!-- Generated by org.testng.reporters.JUnitReportReporter -->
<testsuite hostname="Abhi" failures="0" tests="1" name="test_scripts.TC_16" time="12.509" errors="0" timestamp="2024-04-23T10:46:31 IST" skipped="0">
  <testcase classname="test_scripts.TC_16" name="Homepage" time="12.509"/>
</testsuite> <!-- test_scripts.TC_16 -->
