<?xml version="1.0" encoding="UTF-8"?>
<!-- Generated by org.testng.reporters.JUnitReportReporter -->
<testsuite hostname="Abhi" failures="0" tests="1" name="test_scripts.TC_4" time="9.406" errors="0" timestamp="2024-04-20T15:27:14 IST" skipped="0">
  <testcase classname="test_scripts.TC_4" name="Homepage" time="9.406"/>
</testsuite> <!-- test_scripts.TC_4 -->
