<?xml version="1.0" encoding="UTF-8"?>
<!-- Generated by org.testng.reporters.JUnitReportReporter -->
<testsuite hostname="Abhi" failures="0" tests="1" name="test_scripts.TC_5" time="8.546" errors="0" timestamp="2024-04-20T15:31:56 IST" skipped="0">
  <testcase classname="test_scripts.TC_5" name="Homepage" time="8.546"/>
</testsuite> <!-- test_scripts.TC_5 -->
