<?xml version="1.0" encoding="UTF-8"?>
<!-- Generated by org.testng.reporters.JUnitReportReporter -->
<testsuite hostname="Abhi" failures="0" tests="1" name="test_scripts.TC_14" time="29.526" errors="0" timestamp="2024-04-22T13:33:42 IST" skipped="0">
  <testcase classname="test_scripts.TC_14" name="Homepage" time="29.526"/>
</testsuite> <!-- test_scripts.TC_14 -->
