<?xml version="1.0" encoding="UTF-8"?>
<!-- Generated by org.testng.reporters.JUnitReportReporter -->
<testsuite hostname="Abhi" failures="0" tests="1" name="test_scripts.TC_2" time="7.831" errors="0" timestamp="2024-04-20T15:07:03 IST" skipped="0">
  <testcase classname="test_scripts.TC_2" name="Homepage" time="7.831"/>
</testsuite> <!-- test_scripts.TC_2 -->
