<?xml version="1.0" encoding="UTF-8"?>
<!-- Generated by org.testng.reporters.JUnitReportReporter -->
<testsuite hostname="Abhi" failures="0" tests="1" name="test_scripts.TC_13" time="11.266" errors="0" timestamp="2024-04-22T12:29:27 IST" skipped="0">
  <testcase classname="test_scripts.TC_13" name="Homepage" time="11.266"/>
</testsuite> <!-- test_scripts.TC_13 -->
