<?xml version="1.0" encoding="UTF-8"?>
<!-- Generated by org.testng.reporters.JUnitReportReporter -->
<testsuite hostname="Abhi" failures="0" tests="1" name="test_scripts.TC_6" time="9.196" errors="0" timestamp="2024-04-21T12:11:04 IST" skipped="0">
  <testcase classname="test_scripts.TC_6" name="Homepage" time="9.196"/>
</testsuite> <!-- test_scripts.TC_6 -->
