<?xml version="1.0" encoding="UTF-8"?>
<!-- Generated by org.testng.reporters.JUnitReportReporter -->
<testsuite hostname="Abhi" failures="0" tests="1" name="test_scripts.TC_10" time="30.273" errors="0" timestamp="2024-04-21T17:16:08 IST" skipped="0">
  <testcase classname="test_scripts.TC_10" name="Homepage" time="30.273"/>
</testsuite> <!-- test_scripts.TC_10 -->
