<?xml version="1.0" encoding="UTF-8"?>
<!-- Generated by org.testng.reporters.JUnitReportReporter -->
<testsuite hostname="Abhi" failures="0" tests="1" name="test_scripts.TC_12" time="28.327" errors="0" timestamp="2024-04-22T11:46:35 IST" skipped="0">
  <testcase classname="test_scripts.TC_12" name="Homepage" time="28.327"/>
</testsuite> <!-- test_scripts.TC_12 -->
