<?xml version="1.0" encoding="UTF-8"?>
<!-- Generated by org.testng.reporters.JUnitReportReporter -->
<testsuite hostname="Abhi" failures="0" tests="1" name="test_scripts.TC_9" time="11.337" errors="0" timestamp="2024-04-21T14:45:01 IST" skipped="0">
  <testcase classname="test_scripts.TC_9" name="Homepage" time="11.337"/>
</testsuite> <!-- test_scripts.TC_9 -->
